<?xml version="1.0" encoding="UTF-8"?>
<!-- Generated by org.testng.reporters.JUnitReportReporter -->
<testsuite hostname="noemi-pohrib" failures="0" tests="2" name="AnnotationsTestNG.TestsAnnotations.C2" time="0.003" errors="0" timestamp="2024-08-16T11:01:17 EEST" skipped="0">
  <testcase classname="AnnotationsTestNG.TestsAnnotations.C2" name="xzy" time="0.001"/>
  <testcase classname="AnnotationsTestNG.TestsAnnotations.C2" name="xzy" time="0.002"/>
</testsuite> <!-- AnnotationsTestNG.TestsAnnotations.C2 -->
