<?xml version="1.0" encoding="UTF-8"?>
<!-- Generated by org.testng.reporters.JUnitReportReporter -->
<testsuite hostname="noemi-pohrib" failures="0" tests="4" name="testNG.ExampleTest" time="9.694" errors="0" timestamp="2024-08-14T13:29:17 EEST" skipped="0">
  <testcase classname="testNG.ExampleTest" name="openApp" time="5.474"/>
  <testcase classname="testNG.ExampleTest" name="testLogo" time="4.039"/>
  <testcase classname="testNG.ExampleTest" name="loginApp" time="0.103"/>
  <testcase classname="testNG.ExampleTest" name="Logout" time="0.078"/>
</testsuite> <!-- testNG.ExampleTest -->
