<?xml version="1.0" encoding="UTF-8"?>
<!-- Generated by org.testng.reporters.JUnitReportReporter -->
<testsuite hostname="noemi-pohrib" failures="0" tests="2" name="AnnotationsTestNG.AllAnnotations" time="0.009" errors="0" timestamp="2024-08-16T11:11:32 EEST" skipped="0">
  <testcase classname="AnnotationsTestNG.AllAnnotations" name="abc" time="0.008"/>
  <testcase classname="AnnotationsTestNG.AllAnnotations" name="xzy" time="0.001"/>
</testsuite> <!-- AnnotationsTestNG.AllAnnotations -->
