<?xml version="1.0" encoding="UTF-8"?>
<!-- Generated by org.testng.reporters.JUnitReportReporter -->
<testsuite hostname="noemi-pohrib" failures="0" tests="1" name="AnnotationsTestNG.TestsAnnotations.C1" time="0.002" errors="0" timestamp="2024-08-16T11:01:17 EEST" skipped="0">
  <testcase classname="AnnotationsTestNG.TestsAnnotations.C1" name="abc" time="0.002"/>
</testsuite> <!-- AnnotationsTestNG.TestsAnnotations.C1 -->
